<?xml version="1.0" encoding="UTF-8"?>
<testsuite name="TestSuite" time="7.7" tests="1" errors="0" skipped="0" failures="0">
  <properties>
    <property name="JOB_NAME" value="suryaproject"/>
    <property name="java.vendor" value="Oracle Corporation"/>
    <property name="sun.java.launcher" value="SUN_STANDARD"/>
    <property name="RUN_TESTS_DISPLAY_URL" value="http://localhost:8080/job/suryaproject/11/display/redirect?page=tests"/>
    <property name="NUMBER_OF_PROCESSORS" value="8"/>
    <property name="sun.management.compiler" value="HotSpot 64-Bit Tiered Compilers"/>
    <property name="JENKINS_HOME" value="C:\Users\pcx\.jenkins"/>
    <property name="FPS_BROWSER_USER_PROFILE_STRING" value="Default"/>
    <property name="HUDSON_SERVER_COOKIE" value="40a57244832b5d60"/>
    <property name="POM_ARTIFACTID" value="guit"/>
    <property name="os.name" value="Windows 11"/>
    <property name="EXECUTOR_NUMBER" value="1"/>
    <property name="sun.desktop" value="windows"/>
    <property name="PATHEXT" value=".COM;.EXE;.BAT;.CMD;.VBS;.VBE;.JS;.JSE;.WSF;.WSH;.MSC"/>
    <property name="POM_DISPLAYNAME" value="guit"/>
    <property name="java.vm.specification.vendor" value="Oracle Corporation"/>
    <property name="M2E" value="C:\maven\apache-maven-3.3.9-bin\apache-maven-3.3.9"/>
    <property name="TEMP" value="C:\Users\pcx\AppData\Local\Temp"/>
    <property name="NODE_LABELS" value="built-in"/>
    <property name="java.runtime.version" value="11.0.19+9-LTS-224"/>
    <property name="FPS_BROWSER_APP_PROFILE_STRING" value="Internet Explorer"/>
    <property name="suiteXmlFile" value="surya.xml"/>
    <property name="user.name" value="pcx"/>
    <property name="guice.disable.misplaced.annotation.check" value="true"/>
    <property name="CommonProgramW6432" value="C:\Program Files\Common Files"/>
    <property name="ProgramFiles" value="C:\Program Files"/>
    <property name="SUITS" value="surya.xml"/>
    <property name="PROMPT" value="$P$G"/>
    <property name="EFC_9100" value="1"/>
    <property name="user.language" value="en"/>
    <property name="JOB_BASE_NAME" value="suryaproject"/>
    <property name="RUN_CHANGES_DISPLAY_URL" value="http://localhost:8080/job/suryaproject/11/display/redirect?page=changes"/>
    <property name="BUILD_DISPLAY_NAME" value="#11"/>
    <property name="OneDrive" value="C:\Users\pcx\OneDrive"/>
    <property name="sun.boot.library.path" value="C:\Program Files\Java\jdk-11\bin"/>
    <property name="java.vm.compressedOopsMode" value="Zero based"/>
    <property name="LOCALAPPDATA" value="C:\Users\pcx\AppData\Local"/>
    <property name="java.version" value="11.0.19"/>
    <property name="user.timezone" value="Asia/Calcutta"/>
    <property name="PROCESSOR_LEVEL" value="6"/>
    <property name="USERNAME" value="pcx"/>
    <property name="Java_Home" value="C:\Program Files\Java\jdk-11"/>
    <property name="sun.arch.data.model" value="64"/>
    <property name="NODE_NAME" value="built-in"/>
    <property name="BUILD_ID" value="11"/>
    <property name="sun.cpu.isalist" value="amd64"/>
    <property name="sun.jnu.encoding" value="Cp1252"/>
    <property name="HOMEDRIVE" value="C:"/>
    <property name="file.separator" value="\"/>
    <property name="java.specification.name" value="Java Platform API Specification"/>
    <property name="java.class.version" value="55.0"/>
    <property name="=::" value="::\"/>
    <property name="org.slf4j.simpleLogger.defaultLogLevel" value="info"/>
    <property name="user.country" value="US"/>
    <property name="ALLUSERSPROFILE" value="C:\ProgramData"/>
    <property name="java.home" value="C:\Program Files\Java\jdk-11"/>
    <property name="java.vm.info" value="mixed mode"/>
    <property name="os.version" value="10.0"/>
    <property name="RUN_DISPLAY_URL" value="http://localhost:8080/job/suryaproject/11/display/redirect"/>
    <property name="POM_VERSION" value="0.0.1-SNAPSHOT"/>
    <property name="TMP" value="C:\Users\pcx\AppData\Local\Temp"/>
    <property name="path.separator" value=";"/>
    <property name="RUN_ARTIFACTS_DISPLAY_URL" value="http://localhost:8080/job/suryaproject/11/display/redirect?page=artifacts"/>
    <property name="java.vm.version" value="11.0.19+9-LTS-224"/>
    <property name="user.variant" value=""/>
    <property name="CommonProgramFiles(x86)" value="C:\Program Files (x86)\Common Files"/>
    <property name="JOB_DISPLAY_URL" value="http://localhost:8080/job/suryaproject/display/redirect"/>
    <property name="USERDOMAIN_ROAMINGPROFILE" value="DESKTOP-LIM22NC"/>
    <property name="java.awt.printerjob" value="sun.awt.windows.WPrinterJob"/>
    <property name="CommonProgramFiles" value="C:\Program Files\Common Files"/>
    <property name="sun.io.unicode.encoding" value="UnicodeLittle"/>
    <property name="ComSpec" value="C:\WINDOWS\system32\cmd.exe"/>
    <property name="HOMEPATH" value="\Users\pcx"/>
    <property name="awt.toolkit" value="sun.awt.windows.WToolkit"/>
    <property name="POM_PACKAGING" value="jar"/>
    <property name="COMPUTERNAME" value="DESKTOP-LIM22NC"/>
    <property name="user.script" value=""/>
    <property name="POM_GROUPID" value="com.vcentry"/>
    <property name="user.home" value="C:\Users\pcx"/>
    <property name="PUBLIC" value="C:\Users\Public"/>
    <property name="BUILD_TAG" value="jenkins-suryaproject-11"/>
    <property name="JENKINS_SERVER_COOKIE" value="40a57244832b5d60"/>
    <property name="HUDSON_URL" value="http://localhost:8080/"/>
    <property name="ProgramData" value="C:\ProgramData"/>
    <property name="java.version.date" value="2023-04-18"/>
    <property name="java.specification.vendor" value="Oracle Corporation"/>
    <property name="USERPROFILE" value="C:\Users\pcx"/>
    <property name="CLASSPATH" value=""/>
    <property name="java.library.path" value="C:\Program Files\Java\jdk-11\bin;C:\WINDOWS\Sun\Java\bin;C:\WINDOWS\system32;C:\WINDOWS;C:\maven\apache-maven-3.3.9-bin\apache-maven-3.3.9/bin;C:\maven\apache-maven-3.3.9-bin\apache-maven-3.3.9\bin;C:\Program Files\Java\jdk-11\bin;C:\Program Files\Java\jdk-17\bin;C:\Program Files\Android\Android Studio\bin;C:\Users\pcx\AppData\Local\Android\Sdk\tools\bin;C:\Users\pcx\AppData\Local\Android\Sdk\platform-tools;C:\Users\pcx\AppData\Local\Android\Sdk\build-tools;C:\Program Files\nodejs;C:\Program Files\Common Files\Oracle\Java\javapath;C:\WINDOWS\system32;C:\WINDOWS;C:\WINDOWS\System32\Wbem;C:\WINDOWS\System32\WindowsPowerShell\v1.0\;C:\WINDOWS\System32\OpenSSH\;C:\Program Files\Intel\WiFi\bin\;C:\Program Files\Common Files\Intel\WirelessCommon\;C:\Users\pcx\AppData\Local\Android\Sdk\tools;C:\Program Files\Git\cmd;C:\Users\pcx\AppData\Local\Microsoft\WindowsApps;;C:\Users\pcx\AppData\Local\Programs\Microsoft VS Code\bin;C:\Users\pcx\AppData\Roaming\npm;."/>
    <property name="java.vendor.url" value="https://openjdk.java.net/"/>
    <property name="java.vm.vendor" value="Oracle Corporation"/>
    <property name="APPDATA" value="C:\Users\pcx\AppData\Roaming"/>
    <property name="ZES_ENABLE_SYSMAN" value="1"/>
    <property name="java.runtime.name" value="Java(TM) SE Runtime Environment"/>
    <property name="maven.home" value="C:\maven\apache-maven-3.3.9-bin\apache-maven-3.3.9"/>
    <property name="java.class.path" value="C:\Users\pcx\.jenkins\plugins\maven-plugin\WEB-INF\lib\maven33-agent-1.14.jar;C:\maven\apache-maven-3.3.9-bin\apache-maven-3.3.9\boot\plexus-classworlds-2.5.2.jar;C:\maven\apache-maven-3.3.9-bin\apache-maven-3.3.9/conf/logging"/>
    <property name="sun.java.command" value="jenkins.maven3.agent.Maven33Main C:\maven\apache-maven-3.3.9-bin\apache-maven-3.3.9 C:\Users\pcx\.jenkins\war\WEB-INF\lib\remoting-3160.vd76b_9ddd10cc.jar C:\Users\pcx\.jenkins\plugins\maven-plugin\WEB-INF\lib\maven33-interceptor-1.14.jar C:\Users\pcx\.jenkins\plugins\maven-plugin\WEB-INF\lib\maven3-interceptor-commons-1.14.jar 52766"/>
    <property name="Path" value="C:\maven\apache-maven-3.3.9-bin\apache-maven-3.3.9\bin;C:\Program Files\Java\jdk-11\bin;C:\Program Files\Java\jdk-17\bin;C:\Program Files\Android\Android Studio\bin;C:\Users\pcx\AppData\Local\Android\Sdk\tools\bin;C:\Users\pcx\AppData\Local\Android\Sdk\platform-tools;C:\Users\pcx\AppData\Local\Android\Sdk\build-tools;C:\Program Files\nodejs;C:\Program Files\Common Files\Oracle\Java\javapath;C:\WINDOWS\system32;C:\WINDOWS;C:\WINDOWS\System32\Wbem;C:\WINDOWS\System32\WindowsPowerShell\v1.0\;C:\WINDOWS\System32\OpenSSH\;C:\Program Files\Intel\WiFi\bin\;C:\Program Files\Common Files\Intel\WirelessCommon\;C:\Users\pcx\AppData\Local\Android\Sdk\tools;C:\Program Files\Git\cmd;C:\Users\pcx\AppData\Local\Microsoft\WindowsApps;;C:\Users\pcx\AppData\Local\Programs\Microsoft VS Code\bin;C:\Users\pcx\AppData\Roaming\npm"/>
    <property name="jdk.debug" value="release"/>
    <property name="PROCESSOR_ARCHITECTURE" value="AMD64"/>
    <property name="java.vm.specification.name" value="Java Virtual Machine Specification"/>
    <property name="SESSIONNAME" value="Console"/>
    <property name="PROCESSOR_IDENTIFIER" value="Intel64 Family 6 Model 142 Stepping 10, GenuineIntel"/>
    <property name="java.vm.specification.version" value="11"/>
    <property name="M2_HOME" value="C:\maven\apache-maven-3.3.9-bin\apache-maven-3.3.9"/>
    <property name="sun.cpu.endian" value="little"/>
    <property name="sun.os.patch.level" value=""/>
    <property name="OS" value="Windows_NT"/>
    <property name="CI" value="true"/>
    <property name="java.io.tmpdir" value="C:\Users\pcx\AppData\Local\Temp\"/>
    <property name="HUDSON_HOME" value="C:\Users\pcx\.jenkins"/>
    <property name="PATH+MAVEN" value="C:\maven\apache-maven-3.3.9-bin\apache-maven-3.3.9/bin"/>
    <property name="ProgramFiles(x86)" value="C:\Program Files (x86)"/>
    <property name="java.vendor.url.bug" value="https://bugreport.java.com/bugreport/"/>
    <property name="BUILD_URL" value="http://localhost:8080/job/suryaproject/11/"/>
    <property name="SystemRoot" value="C:\WINDOWS"/>
    <property name="os.arch" value="amd64"/>
    <property name="java.awt.graphicsenv" value="sun.awt.Win32GraphicsEnvironment"/>
    <property name="user.dir" value="C:\Users\pcx\API\guit"/>
    <property name="JOB_URL" value="http://localhost:8080/job/suryaproject/"/>
    <property name="LOGONSERVER" value="\\DESKTOP-LIM22NC"/>
    <property name="USERDOMAIN" value="DESKTOP-LIM22NC"/>
    <property name="MAVEN_HOME" value="C:\maven\apache-maven-3.3.9-bin\apache-maven-3.3.9"/>
    <property name="line.separator" value="&#10;"/>
    <property name="java.vm.name" value="Java HotSpot(TM) 64-Bit Server VM"/>
    <property name="BUILD_NUMBER" value="11"/>
    <property name="PROCESSOR_REVISION" value="8e0a"/>
    <property name="ANDROID_HOME" value="C:\Users\pcx\AppData\Local\Android\Sdk"/>
    <property name="JENKINS_URL" value="http://localhost:8080/"/>
    <property name="ProgramW6432" value="C:\Program Files"/>
    <property name="windir" value="C:\WINDOWS"/>
    <property name="=C:" value="C:\jenkins"/>
    <property name="file.encoding" value="Cp1252"/>
    <property name="SystemDrive" value="C:"/>
    <property name="maven3.interceptor" value="C:\Users\pcx\.jenkins\plugins\maven-plugin\WEB-INF\lib\maven33-interceptor-1.14.jar"/>
    <property name="WORKSPACE_TMP" value="C:\Users\pcx\.jenkins\workspace\suryaproject@tmp"/>
    <property name="WORKSPACE" value="C:\Users\pcx\.jenkins\workspace\suryaproject"/>
    <property name="maven3.interceptor.common" value="C:\Users\pcx\.jenkins\plugins\maven-plugin\WEB-INF\lib\maven3-interceptor-commons-1.14.jar"/>
    <property name="PSModulePath" value="C:\Program Files\WindowsPowerShell\Modules;C:\WINDOWS\system32\WindowsPowerShell\v1.0\Modules"/>
    <property name="java.specification.version" value="11"/>
    <property name="DriverData" value="C:\Windows\System32\Drivers\DriverData"/>
    <property name="java.vendor.version" value="18.9"/>
  </properties>
  <testcase name="browser" classname="guittest.gitteste" time="7.7"/>
</testsuite>