<?xml version="1.0" encoding="UTF-8"?>
<!-- Generated by org.testng.reporters.JUnitReportReporter -->
<testsuite hostname="DESKTOP-LIM22NC" failures="0" tests="1" name="guittest.gitteste" time="16.415" errors="0" timestamp="2023-12-22T21:59:26 IST" skipped="0">
  <testcase classname="guittest.gitteste" name="browser" time="16.415"/>
</testsuite> <!-- guittest.gitteste -->
