<?xml version="1.0" encoding="UTF-8"?>
<!-- Generated by org.testng.reporters.JUnitReportReporter -->
<testsuite hostname="DESKTOP-LIM22NC" failures="0" tests="1" name="guittest2.Bingtest" time="20.117" errors="0" timestamp="22 Dec 2023 17:59:33 GMT">
  <testcase classname="guittest2.Bingtest" name="browser" time="20.117"/>
</testsuite> <!-- guittest2.Bingtest -->
