<?xml version="1.0" encoding="UTF-8"?>
<!-- Generated by org.testng.reporters.JUnitReportReporter -->
<testsuite hostname="DESKTOP-LIM22NC" failures="0" tests="1" name="guittest.gitteste" time="5.734" errors="0" timestamp="2023-10-29T11:59:38 IST" skipped="0">
  <testcase classname="guittest.gitteste" name="browser" time="5.734"/>
</testsuite> <!-- guittest.gitteste -->
