<?xml version="1.0" encoding="UTF-8"?>
<!-- Generated by org.testng.reporters.JUnitReportReporter -->
<testsuite hostname="DESKTOP-LIM22NC" failures="0" tests="1" name="guittest.gitteste" time="7.700" errors="0" timestamp="22 Dec 2023 19:15:21 GMT">
  <testcase classname="guittest.gitteste" name="browser" time="7.700"/>
</testsuite> <!-- guittest.gitteste -->
